<?xml version="1.0" encoding="UTF-8"?>
<testng-results skipped="0" failed="0" total="1" passed="1">
  <reporter-output>
  </reporter-output>
  <suite name="Default suite" duration-ms="20393" started-at="2021-08-27T06:24:07Z" finished-at="2021-08-27T06:24:27Z">
    <groups>
    </groups>
    <test name="Default test" duration-ms="20393" started-at="2021-08-27T06:24:07Z" finished-at="2021-08-27T06:24:27Z">
      <class name="Assignment.Assignment.Cookie">
        <test-method status="PASS" signature="test()[pri:0, instance:Assignment.Assignment.Cookie@7c0e2abd]" name="test" duration-ms="20373" started-at="2021-08-27T11:54:07Z" finished-at="2021-08-27T11:54:27Z">
          <reporter-output>
          </reporter-output>
        </test-method> <!-- test -->
      </class> <!-- Assignment.Assignment.Cookie -->
    </test> <!-- Default test -->
  </suite> <!-- Default suite -->
</testng-results>
