<?xml version="1.0" encoding="UTF-8"?>
<testng-results skipped="0" failed="0" total="2" passed="2">
  <reporter-output>
  </reporter-output>
  <suite name="Default suite" duration-ms="41" started-at="2021-08-25T11:14:20Z" finished-at="2021-08-25T11:14:20Z">
    <groups>
    </groups>
    <test name="Default test" duration-ms="41" started-at="2021-08-25T11:14:20Z" finished-at="2021-08-25T11:14:20Z">
      <class name="demo.Testcases">
        <test-method status="PASS" signature="testtofail()[pri:0, instance:demo.Testcases@6276ae34]" name="testtofail" duration-ms="14" started-at="2021-08-25T16:44:20Z" finished-at="2021-08-25T16:44:20Z">
          <reporter-output>
          </reporter-output>
        </test-method> <!-- testtofail -->
        <test-method status="PASS" signature="testtopass()[pri:0, instance:demo.Testcases@6276ae34]" name="testtopass" duration-ms="2" started-at="2021-08-25T16:44:20Z" finished-at="2021-08-25T16:44:20Z">
          <reporter-output>
          </reporter-output>
        </test-method> <!-- testtopass -->
      </class> <!-- demo.Testcases -->
    </test> <!-- Default test -->
  </suite> <!-- Default suite -->
</testng-results>
